<?xml version="1.0" encoding="UTF-8"?>
<testsuite xmlns:xsi="http://www.w3.org/2001/XMLSchema-instance" xsi:noNamespaceSchemaLocation="https://maven.apache.org/surefire/maven-surefire-plugin/xsd/surefire-test-report.xsd" name="com.br.globo.signature.restapi.PurchaseControllerIntegrationTest" time="11.888" tests="1" errors="0" skipped="0" failures="0">
  <properties>
[...]
</properties>
  <testcase name="test_should_login_sucess" classname="com.br.globo.signature.restapi.PurchaseControllerIntegrationTest" time="0.992"/>
</testsuite>